Assembler report for hack_the_hill
Sun Sep 29 10:48:26 2024
Quartus Prime Version 23.1std.1 Build 993 05/14/2024 SC Standard Edition


---------------------
; Table of Contents ;
---------------------
  1. Legal Notice
  2. Assembler Summary
  3. Assembler Settings
  4. Assembler Encrypted IP Cores Summary
  5. Assembler Generated Files
  6. Assembler Device Options: C:/Users/T490/Downloads/hack_the_hill_restored/output_files/hack_the_hill.sof
  7. Assembler Messages



----------------
; Legal Notice ;
----------------
Copyright (C) 2024  Intel Corporation. All rights reserved.
Your use of Intel Corporation's design tools, logic functions 
and other software and tools, and any partner logic 
functions, and any output files from any of the foregoing 
(including device programming or simulation files), and any 
associated documentation or information are expressly subject 
to the terms and conditions of the Intel Program License 
Subscription Agreement, the Intel Quartus Prime License Agreement,
the Intel FPGA IP License Agreement, or other applicable license
agreement, including, without limitation, that your use is for
the sole purpose of programming logic devices manufactured by
Intel and sold by Intel or its authorized distributors.  Please
refer to the applicable agreement for further details, at
https://fpgasoftware.intel.com/eula.



+---------------------------------------------------------------+
; Assembler Summary                                             ;
+-----------------------+---------------------------------------+
; Assembler Status      ; Successful - Sun Sep 29 10:48:26 2024 ;
; Revision Name         ; hack_the_hill                         ;
; Top-level Entity Name ; hack_the_hill                         ;
; Family                ; Arria V GZ                            ;
; Device                ; 5AGZME3H2F35C3                        ;
+-----------------------+---------------------------------------+


+----------------------------------+
; Assembler Settings               ;
+--------+---------+---------------+
; Option ; Setting ; Default Value ;
+--------+---------+---------------+


+---------------------------------------------------------+
; Assembler Encrypted IP Cores Summary                    ;
+--------+---------------------------------+--------------+
; Vendor ; IP Core Name                    ; License Type ;
+--------+---------------------------------+--------------+
; Altera ; Signal Tap (6AF7 BCE1)          ; Licensed     ;
; Altera ; Signal Tap (6AF7 BCEC)          ; Licensed     ;
; Altera ; cdc_proc2sdi (C4D4 10B2)        ; Licensed     ;
; Altera ; cdc_sync (C4D4 10B2)            ; Licensed     ;
; Altera ; edge_detect (C4D4 10B2)         ; Licensed     ;
; Altera ; fifo_cdc_align (C4D4 10B2)      ; Licensed     ;
; Altera ; global_reset_gen (C4D4 10B2)    ; Licensed     ;
; Altera ; ifs_sdi (C4D4 10B2)             ; Licensed     ;
; Altera ; ifs_sdi_flop (C4D4 10B2)        ; Licensed     ;
; Altera ; inf_dpram (C4D4 10B2)           ; Licensed     ;
; Altera ; rate_gen (C4D4 10B2)            ; Licensed     ;
; Altera ; ref_link_rx (C4D4 10B2)         ; Licensed     ;
; Altera ; ref_link_to_ref (C4D4 10B2)     ; Licensed     ;
; Altera ; ref_select (C4D4 10B2)          ; Licensed     ;
; Altera ; reset_syncer (C4D4 10B2)        ; Licensed     ;
; Altera ; sdi12_crc (C4D4 10B2)           ; Licensed     ;
; Altera ; sdi12_pfd (C4D4 10B2)           ; Licensed     ;
; Altera ; sdi12_slotify (C4D4 10B2)       ; Licensed     ;
; Altera ; sdi12_spg (C4D4 10B2)           ; Licensed     ;
; Altera ; sdi12_tpg (C4D4 10B2)           ; Licensed     ;
; Altera ; sdi12_trs (C4D4 10B2)           ; Licensed     ;
; Altera ; sdi12_tx (C4D4 10B2)            ; Licensed     ;
; Altera ; sdi12_tx_bitrep (C4D4 10B2)     ; Licensed     ;
; Altera ; sdi12_tx_encode (C4D4 10B2)     ; Licensed     ;
; Altera ; sdi12_tx_order (C4D4 10B2)      ; Licensed     ;
; Altera ; sdi_fs_spg_control (C4D4 10B2)  ; Licensed     ;
; Altera ; sdi_insert_smpte352 (C4D4 10B2) ; Licensed     ;
; Altera ; tpg_bars (C4D4 10B2)            ; Licensed     ;
; Altera ; ultrix_iob (C4D4 10B2)          ; Licensed     ;
+--------+---------------------------------+--------------+


+-------------------------------------------------------------------------------+
; Assembler Generated Files                                                     ;
+-------------------------------------------------------------------------------+
; File Name                                                                     ;
+-------------------------------------------------------------------------------+
; C:/Users/T490/Downloads/hack_the_hill_restored/output_files/hack_the_hill.sof ;
+-------------------------------------------------------------------------------+


+---------------------------------------------------------------------------------------------------------+
; Assembler Device Options: C:/Users/T490/Downloads/hack_the_hill_restored/output_files/hack_the_hill.sof ;
+----------------+----------------------------------------------------------------------------------------+
; Option         ; Setting                                                                                ;
+----------------+----------------------------------------------------------------------------------------+
; JTAG usercode  ; 0x022BAB83                                                                             ;
; Checksum       ; 0x022BAB83                                                                             ;
+----------------+----------------------------------------------------------------------------------------+


+--------------------+
; Assembler Messages ;
+--------------------+
Info: *******************************************************************
Info: Running Quartus Prime Assembler
    Info: Version 23.1std.1 Build 993 05/14/2024 SC Standard Edition
    Info: Processing started: Sun Sep 29 10:48:09 2024
Info: Command: quartus_asm --read_settings_files=off --write_settings_files=off hack_the_hill -c hack_the_hill
Warning (18236): Number of processors has not been specified which may cause overloading on shared machines.  Set the global assignment NUM_PARALLEL_PROCESSORS in your QSF to an appropriate value for best performance.
Info (115030): Assembler is generating device programming files
Info: Quartus Prime Assembler was successful. 0 errors, 1 warning
    Info: Peak virtual memory: 5182 megabytes
    Info: Processing ended: Sun Sep 29 10:48:27 2024
    Info: Elapsed time: 00:00:18
    Info: Total CPU time (on all processors): 00:00:18


